<?xml version="1.0" encoding="UTF-8"?>
<!-- Generated by org.testng.reporters.JUnitXMLReporter -->
<testsuite hostname="TNQ-LTP-239" ignored="0" name="Default test" tests="4" failures="0" timestamp="05 Dec 2017 12:41:34 GMT" time="0.063" errors="0">
  <testcase name="dem41" time="0.016" classname="MavenDemoTest.MavenDemoTest.TestDemo2"/>
  <testcase name="demo3" time="0.0" classname="MavenDemoTest.MavenDemoTest.TestDemo2"/>
  <testcase name="demo" time="0.0" classname="MavenDemoTest.MavenDemoTest.TestDemo1"/>
  <testcase name="demo1" time="0.0" classname="MavenDemoTest.MavenDemoTest.TestDemo1"/>
</testsuite> <!-- Default test -->
